19.3724 1.395
23.0792 1.389
21.7059 0.928
19.8696 0.683
18.5766 0.512
18.7779 0.43
9.7083 0.413
20.0432 0.404
22.2199 0.399
20.4051 0.287
22.9361 0.265
20.683 0.223
15.6917 0.218
18.1181 0.182
17.5256 0.182
26.5303 0.18
13.9678 0.177
26.9018 0.16
19.6329 0.154
17.2257 0.142
24.3566 0.135
16.3364 0.134
13.5752 0.133
22.6898 0.128
22.4097 0.125
26.3075 0.117
15.2825 0.117
24.1162 0.116
19.1165 0.112
14.1808 0.109
12.2732 0.107
22.0692 0.105
27.9418 0.104
21.419 0.103
26.7323 0.102
12.7877 0.098
25.5665 0.094
6.5772 0.09
14.4225 0.089
17.862 0.088
24.8946 0.088
25.1883 0.087
12.9686 0.086
2.2093 0.085
2.9129 0.085
27.5218 0.084
28.2791 0.082
27.0647 0.077
20.4957 0.076
18.9018 0.076
25.3496 0.076
2.8545 0.074
21.9352 0.074
5.2061 0.07
23.3364 0.07
