12.917 1.806
15.0772 1.78
10.4078 1.45
8.0283 1.032
13.9044 1.007
16.125 0.988
8.7461 0.913
14.9865 0.769
9.0474 0.364
12.9694 0.264
10.6387 0.24
27.9424 0.221
13.6255 0.217
23.5489 0.193
27.9942 0.19
19.9703 0.161
29.9487 0.156
25.9382 0.147
26.9415 0.132
17.9471 0.131
13.971 0.114
28.9469 0.113
20.4148 0.108
10.9635 0.104
5.6964 0.096
16.98 0.093
22.7368 0.087
4.1745 0.084
13.2765 0.081
19.0207 0.079
23.1054 0.073
17.2801 0.073
11.9693 0.072
18.4361 0.071
24.5082 0.07
29.1745 0.07
7.6213 0.063
30.9513 0.063
21.964 0.059
14.3519 0.052
5.3493 0.045
9.8108 0.044
4.6696 0.042
3.1545 0.04
6.9455 0.036
31.9555 0.031
20.9945 0.031
