18.846 0.615
37.6604 0.455
23.9155 0.311
17.6574 0.295
41.3923 0.287
37.5608 0.273
44.5973 0.257
35.4416 0.218
24.7971 0.197
24.4937 0.197
23.2228 0.182
21.2303 0.179
23.3833 0.176
34.5883 0.172
34.7479 0.166
51.7214 0.159
44.1051 0.158
46.1431 0.141
30.9589 0.138
24.2198 0.115
41.0923 0.112
36.5219 0.111
44.7546 0.099
39.2738 0.098
27.6816 0.094
35.2838 0.093
26.1606 0.091
45.5404 0.088
21.916 0.088
50.9558 0.085
40.5979 0.082
18.459 0.081
42.037 0.079
36.7276 0.077
43.8915 0.077
20.0591 0.073
32.7397 0.071
38.9561 0.07
43.7247 0.07
47.1557 0.07
14.9744 0.069
55.2439 0.068
38.1845 0.067
48.6094 0.066
36.8872 0.065
22.1867 0.064
48.079 0.064
55.1178 0.062
53.3036 0.062
59.4278 0.06
28.0258 0.058
48.8883 0.058
28.3993 0.058
22.7501 0.056
