7.35 3.238
6.7735 1.777
8.5531 1.329
5.6491 1.226
15.1052 1.113
5.9377 0.985
7.2055 0.951
6.5075 0.743
10.9444 0.7
9.439 0.515
10.7837 0.514
15.6418 0.471
9.4794 0.437
8.8241 0.43
10.6269 0.377
6.9787 0.332
18.5616 0.316
2.9355 0.314
1.9243 0.277
2.4145 0.249
9.5509 0.227
10.2389 0.224
8.3909 0.217
9.8943 0.216
3.3546 0.215
8.0098 0.209
12.3975 0.189
11.863 0.187
13.6358 0.186
8.1877 0.182
3.9091 0.176
12.1445 0.171
13.286 0.165
6.0812 0.153
18.3254 0.152
5.457 0.149
14.4968 0.146
14.6995 0.145
2.684 0.139
4.3064 0.139
17.5812 0.135
12.7667 0.133
4.7963 0.132
11.1647 0.131
17.0725 0.119
11.5218 0.117
5.1308 0.108
14.9771 0.107
1.8094 0.104
7.5953 0.102
15.9203 0.101
11.3599 0.098
14.1654 0.095
