10.0232 8.462
7.817 3.606
14.7389 1.99
12.0054 1.602
9.1366 1.441
8.7854 1.437
12.1647 1.246
10.1102 1.155
11.5235 1.083
8.0277 1.018
14.2214 0.989
10.2372 0.768
10.8314 0.733
12.8854 0.68
13.8595 0.664
7.7 0.654
9.9437 0.617
9.2364 0.594
9.4374 0.543
13.6946 0.454
7.6058 0.415
12.0577 0.413
11.1442 0.364
12.9438 0.354
11.3242 0.337
15.639 0.311
10.4568 0.3
10.6449 0.3
13.4001 0.296
9.5645 0.283
18.9526 0.274
18.2647 0.274
17.0874 0.204
17.2584 0.198
20.0456 0.186
8.4725 0.182
18.6386 0.181
15.4541 0.177
17.9218 0.165
12.6347 0.165
21.753 0.146
14.536 0.127
15.1418 0.123
