11.0069 3.574
7.4546 3.162
5.379 2.92
8.973 2.83
12.9338 2.717
5.5015 2.277
12.8075 1.949
8.0349 1.424
12.9398 1.168
12.4384 1.13
3.9861 1.002
6.4885 0.82
22.9374 0.727
11.9369 0.704
17.6859 0.668
15.3196 0.654
5.1819 0.651
5.1121 0.599
9.7329 0.579
13.9273 0.546
12.9294 0.541
11.3585 0.527
12.9704 0.482
14.9748 0.467
9.7536 0.426
13.4576 0.417
3.0231 0.407
3.4134 0.367
5.2694 0.335
14.5622 0.334
8.541 0.334
15.0263 0.325
15.9061 0.32
4.495 0.319
12.8378 0.316
4.2161 0.314
11.002 0.31
8.9776 0.306
3.8676 0.3
