9.1645 3.548
13.5155 1.124
13.7409 0.661
11.2646 0.459
4.9391 0.355
13.067 0.322
9.3957 0.291
9.3769 0.255
17.5452 0.186
26.1726 0.177
4.1028 0.137
13.9676 0.126
23.825 0.114
2.6215 0.111
3.2982 0.111
27.9432 0.109
4.3454 0.1
19.4775 0.1
18.3302 0.1
22.1349 0.098
12.0527 0.096
29.9478 0.094
24.1384 0.093
3.9723 0.091
4.6888 0.084
5.8086 0.084
9.1703 0.084
7.0993 0.081
8.8499 0.081
15.5053 0.077
19.976 0.077
11.8212 0.077
6.6555 0.076
17.6633 0.071
15.9714 0.071
27.4953 0.07
23.9746 0.069
10.6355 0.068
20.0759 0.063
