13.7642 1.494
23.9357 1.14
19.6513 1.117
27.8572 0.761
22.2186 0.662
27.7426 0.516
21.4318 0.35
22.7579 0.322
25.241 0.305
22.8834 0.264
18.7953 0.23
26.8786 0.216
32.0359 0.211
20.3384 0.207
25.0013 0.202
24.0695 0.201
19.6184 0.2
25.6097 0.187
24.7746 0.185
28.0149 0.172
21.291 0.172
24.5241 0.17
20.9199 0.163
14.3737 0.16
29.6232 0.157
10.682 0.151
11.479 0.146
21.7257 0.142
13.1243 0.138
17.1089 0.124
15.441 0.121
14.9741 0.113
18.1451 0.112
29.4143 0.107
31.7418 0.098
16.355 0.091
31.3897 0.091
26.7357 0.086
26.5406 0.08
15.2832 0.077
28.5321 0.073
30.8168 0.069
33.5627 0.056
