12.2217 1.873
19.0843 1.649
21.8549 1.421
9.5223 1.288
13.8328 1.047
21.6965 0.99
15.719 0.766
13.3014 0.677
12.7669 0.632
12.4602 0.559
15.3592 0.515
8.8146 0.486
13.6525 0.473
26.1113 0.473
16.4462 0.438
21.622 0.419
14.0482 0.419
13.9677 0.41
24.5107 0.368
23.3063 0.356
14.7451 0.356
17.3869 0.347
19.4952 0.333
11.2198 0.324
10.5456 0.315
20.5599 0.312
23.2152 0.282
18.3554 0.275
10.1229 0.259
14.9918 0.242
28.3981 0.152
7.9964 0.137
30.8867 0.136
34.709 0.136
5.5256 0.113
34.0599 0.112
28.6342 0.101
3.4441 0.096
26.9945 0.09
