25.3333 1.252
13.971 1.084
21.901 1.014
20.7383 0.642
13.1914 0.644
17.8246 0.492
12.4051 0.452
20.0863 0.408
17.5659 0.323
22.6639 0.276
27.9443 0.274
22.2877 0.247
15.4241 0.241
9.9683 0.238
15.7934 0.229
15.8514 0.195
10.4168 0.168
20.5151 0.161
22.9078 0.159
13.2453 0.155
21.2124 0.151
12.2048 0.144
11.2756 0.132
14.7103 0.123
14.3413 0.122
14.973 0.121
22.4397 0.106
19.9447 0.104
11.9115 0.099
16.4575 0.091
2.788 0.08
23.1747 0.077
40.3081 0.075
38.3026 0.075
24.6204 0.073
17.004 0.073
18.9205 0.073
39.9081 0.072
3.3318 0.071
2.6142 0.069
