10.3165 4.718
12.7302 4.38
9.6102 3.816
8.0198 3.04
10.7251 2.356
9.4552 1.688
12.439 1.382
8.3695 1.166
10.6018 1.143
8.1108 0.955
9.8543 0.752
11.0814 0.687
7.6571 0.485
11.194 0.452
8.0516 0.443
10.642 0.381
12.2851 0.328
16.9778 0.253
11.9665 0.245
15.1609 0.238
9.9199 0.219
10.9632 0.215
12.1505 0.207
9.2199 0.204
13.6734 0.204
16.0259 0.202
15.9763 0.156
11.501 0.152
6.8369 0.137
3.1653 0.135
13.1493 0.133
4.5283 0.133
18.3375 0.127
12.7257 0.118
6.3182 0.116
12.9744 0.115
5.8817 0.112
14.8424 0.111
7.2752 0.109
10.0224 0.107
27.9431 0.923
42.9173 0.582
24.9365 0.132
