12.9994 23.92
10.3537 6.256
12.1462 5.38
10.5708 4.294
10.0272 4.084
11.3899 2.789
9.3886 2.467
9.9876 2.387
8.746 1.57
11.9533 1.429
5.2369 1.291
11.384 1.241
10.1968 1.07
12.8188 0.918
5.1162 0.889
12.978 0.869
9.285 0.817
8.3199 0.793
13.001 0.77
10.7847 0.726
10.7414 0.704
11.0413 0.69
11.3941 0.687
8.3602 0.65
8.2714 0.578
17.9819 0.541
3.9833 0.536
5.3772 0.535
13.0103 0.528
20.3813 0.505
11.8478 0.504
17.7738 0.483
8.96 0.472
11.3007 0.47
12.1271 0.468
22.1735 0.436
9.2993 0.431
5.626 0.431
7.4192 0.431
8.9985 0.429
10.8881 0.422
4.5225 0.397
4.2621 0.39
14.1256 0.382
7.8197 0.364
22.9295 0.353
4.6787 0.35
15.9465 0.348
16.9355 0.344
2.9104 0.334
18.984 0.328
14.9369 0.327
3.5492 0.309
7.6766 0.308
14.7937 0.303
6.4925 0.301
16.221 0.294
7.925 0.291
6.1838 0.28
15.6115 0.262
3.2117 0.258
4.9789 0.254
17.3115 0.236
6.9528 0.223
