14.9749 1.369
9.7259 0.958
12.7693 0.761
16.2289 0.718
13.1384 0.671
14.8593 0.658
16.9708 0.504
7.3451 0.394
7.2933 0.355
7.4562 0.335
14.8812 0.307
17.5794 0.273
12.5882 0.258
12.4064 0.258
13.6219 0.246
11.9139 0.24
16.0816 0.225
13.2162 0.221
17.6236 0.203
17.5667 0.203
12.8635 0.19
16.2165 0.19
17.3043 0.174
16.0383 0.172
8.9806 0.171
15.5014 0.169
14.434 0.149
7.7762 0.148
6.5899 0.145
15.4428 0.142
15.1598 0.142
17.734 0.133
18.2147 0.123
15.7701 0.119
21.4326 0.119
18.4146 0.118
18.0827 0.117
15.685 0.114
14.188 0.113
11.7152 0.103
20.509 0.086
16.8275 0.086
5.728 0.075
19.5057 0.074
10.4287 0.069
19.1525 0.068
23.332 0.067
10.238 0.067
23.2354 0.066
21.0198 0.066
8.388 0.061
20.8073 0.059
13.9712 0.058
8.1664 0.057
23.9821 0.055
10.6564 0.052
18.8989 0.051
9.4133 0.051
21.9729 0.05
5.1331 0.05
11.3357 0.049
11.5412 0.049
5.2197 0.045
10.8181 0.045
22.8379 0.043
19.9572 0.044
22.5054 0.044
20.0931 0.043
