14.5886 3.276
13.407 0.812
13.8519 0.679
12.4817 0.498
14.6834 0.401
13.9691 0.383
12.1947 0.372
12.9721 0.38
15.556 0.309
5.42 0.295
12.8068 0.275
14.1028 0.269
16.1309 0.266
11.6683 0.263
14.2605 0.252
13.6461 0.244
5.3862 0.237
5.7851 0.234
7.7244 0.231
14.9764 0.225
7.5273 0.218
17.839 0.213
6.5277 0.211
11.8941 0.209
6.0066 0.195
5.0778 0.193
6.7653 0.19
20.2816 0.181
8.2718 0.18
10.552 0.176
10.986 0.174
7.0681 0.174
5.6686 0.169
20.8164 0.16
15.8685 0.159
8.6406 0.159
10.1397 0.159
9.3545 0.152
9.9813 0.149
16.903 0.149
