28.8987 0.87
14.2134 0.585
23.8332 0.463
12.679 0.36
23.6353 0.338
22.5686 0.334
26.4929 0.276
20.9923 0.245
22.903 0.244
26.1252 0.234
23.7238 0.221
26.8145 0.186
12.8928 0.167
23.174 0.156
10.7417 0.127
20.5266 0.122
17.981 0.118
13.7214 0.114
17.7074 0.113
14.9377 0.111
17.2287 0.11
16.4204 0.106
19.4573 0.104
24.4643 0.093
21.7397 0.09
19.3462 0.086
16.6896 0.084
13.8456 0.084
18.8671 0.084
14.4571 0.083
15.5173 0.08
22.6263 0.076
27.9452 0.073
19.8986 0.07
15.1707 0.069
17.4238 0.067
12.3455 0.06
13.8177 0.051
32.0196 0.05
7.4294 0.049
30.6602 0.048
11.3311 0.046
15.7526 0.045
31.446 0.042
25.5329 0.041
29.5539 0.035
27.2021 0.035
8.8118 0.034
33.2372 0.032
