15.2821 1.948
26.7155 1.705
23.4001 1.489
18.3341 1.204
20.8198 1.175
16.8348 0.975
15.7156 0.924
11.1117 0.916
23.7286 0.86
14.5783 0.825
13.7174 0.764
17.6354 0.545
10.0724 0.425
16.571 0.364
26.54 0.362
13.142 0.282
13.7376 0.271
9.7768 0.263
18.5788 0.253
21.4774 0.25
16.3138 0.246
22.3754 0.242
12.3221 0.242
28.154 0.238
22.2969 0.231
18.412 0.184
23.2108 0.183
26.7076 0.18
20.2408 0.17
12.0365 0.162
24.5856 0.131
18.9516 0.121
3.768 0.117
29.058 0.104
31.2577 0.074
3.2201 0.073
5.0658 0.072
25.8226 0.069
4.5129 0.068
33.6555 0.062
30.0404 0.056
8.1695 0.054
