8.9227 8.025
7.4709 5.409
8.0214 4.775
10.0916 4.428
16.6721 4.012
13.6954 3.352
13.1157 3.293
15.5574 2.907
15.1919 2.84
8.7908 2.797
14.1531 2.436
7.0218 2.286
15.3155 1.585
10.6474 1.556
10.3234 1.432
13.9669 1.373
14.292 1.189
8.3569 1.133
16.3782 1.112
14.162 0.755
13.8142 0.747
13.6951 0.739
18.259 0.726
16.1935 0.713
15.574 0.617
11.0232 0.537
14.5272 0.486
7.6848 0.484
8.8368 0.482
13.1146 0.466
9.3297 0.446
6.4194 0.435
8.2776 0.431
16.3934 0.425
7.3718 0.406
12.3931 0.389
24.1144 0.351
10.0901 0.348
19.7555 0.333
16.8101 0.326
9.8355 0.3
17.1446 0.288
12.8401 0.28
4.2754 0.261
13.3102 0.258
17.3382 0.256
22.0391 0.256
11.7665 0.244
5.0655 0.242
15.1185 0.234
18.5385 0.224
2.979 0.222
8.007 0.217
11.3938 0.215
17.7126 0.212
10.7909 0.209
5.4019 0.206
2.5197 0.168
3.5557 0.167
