13.1566 1.033
11.7019 0.965
10.6487 0.678
21.4032 0.482
18.8221 0.424
22.8716 0.377
20.1584 0.372
12.9142 0.37
10.8836 0.356
18.5266 0.328
22.7083 0.292
17.8296 0.276
15.8616 0.274
20.3717 0.257
9.4734 0.212
11.1789 0.199
12.5378 0.194
15.6329 0.186
13.9673 0.175
10.0232 0.172
13.4983 0.164
19.4032 0.151
9.7293 0.128
18.2566 0.127
9.2824 0.124
13.6657 0.115
25.5837 0.108
20.5243 0.105
16.5313 0.099
16.9236 0.098
11.7871 0.083
8.7247 0.083
3.9896 0.083
17.3901 0.081
26.1128 0.075
16.0231 0.073
24.1795 0.071
14.7724 0.07
24.9482 0.068
20.9148 0.066
2.9808 0.065
2.7206 0.063
4.2367 0.063
27.9452 0.058
12.1804 0.058
21.4812 0.057
6.4073 0.056
32.6996 0.054
