38.3743 0.985
41.3492 0.536
35.0068 0.403
29.6769 0.358
30.8974 0.354
31.2795 0.344
41.6539 0.314
35.8207 0.307
29.9069 0.306
36.6776 0.281
32.259 0.242
27.9553 0.168
25.4371 0.164
23.6027 0.157
32.7996 0.136
17.5929 0.132
35.1546 0.128
44.7537 0.125
17.3632 0.124
22.5082 0.124
31.0019 0.115
27.3317 0.111
38.1573 0.098
33.3431 0.091
27.5512 0.09
38.5261 0.089
35.4083 0.088
44.3293 0.087
42.9466 0.078
31.6767 0.076
43.7254 0.073
22.7111 0.068
26.7551 0.065
26.4583 0.063
54.2371 0.062
42.5619 0.06
24.2093 0.057
2.1737 0.055
51.0309 0.055
22.268 0.052
45.99 0.051
48.1672 0.047
3.2587 0.046
39.4338 0.045
53.6275 0.044
25.7642 0.042
34.4311 0.039
20.9728 0.038
4.2139 0.036
3.5337 0.036
57.6984 0.036
68.8542 0.034
37.0333 0.034
39.9943 0.033
49.6569 0.032
56.7237 0.031
46.4373 0.03
21.4707 0.029
