15.8366 2.754
12.6373 1.814
14.2787 1.768
9.076 1.767
12.2265 1.702
14.811 1.605
15.2198 1.589
7.8328 1.177
13.0815 1.025
8.5777 0.968
16.9328 0.885
16.0263 0.872
12.9637 0.774
6.6633 0.769
13.2229 0.758
7.34 0.752
7.3252 0.591
15.387 0.531
12.1552 0.521
14.6741 0.51
9.5465 0.507
9.9641 0.461
8.0615 0.402
13.4566 0.396
8.6939 0.359
13.6736 0.353
5.9283 0.352
7.4481 0.294
6.5594 0.29
18.0846 0.261
17.8475 0.238
10.7465 0.227
10.3818 0.228
11.2066 0.22
17.7222 0.213
7.2145 0.193
17.1715 0.179
4.0597 0.165
16.8657 0.164
16.4852 0.141
20.2426 0.125
19.5312 0.125
18.3919 0.117
2.8703 0.114
11.5604 0.112
20.3419 0.111
2.6526 0.109
21.2999 0.106
