25.8367 0.633
35.4283 0.619
38.6359 0.398
32.7407 0.305
41.7161 0.297
21.7411 0.287
38.7002 0.27
25.3036 0.264
19.0215 0.221
39.0394 0.214
34.1605 0.213
19.3345 0.2
27.4853 0.189
32.0472 0.174
24.925 0.166
34.8305 0.164
42.1738 0.153
36.6256 0.149
39.2134 0.142
24.5548 0.138
23.9868 0.138
20.2076 0.138
27.7918 0.132
29.3529 0.111
33.6521 0.11
21.3976 0.109
29.5151 0.102
32.7611 0.1
15.9922 0.097
22.7892 0.096
38.4536 0.095
48.544 0.092
14.2044 0.09
31.8686 0.08
36.9208 0.08
30.7072 0.079
48.8443 0.078
47.3217 0.068
39.7364 0.067
40.3832 0.064
17.7134 0.062
12.9707 0.06
42.7029 0.056
17.4365 0.054
26.6864 0.054
28.3211 0.053
43.5733 0.049
36.0874 0.049
49.962 0.045
44.8313 0.045
18.2893 0.044
10.6317 0.04
45.6589 0.039
15.1848 0.038
9.7263 0.037
