7.8702 9.72
14.8145 5.306
13.2837 3.847
12.711 3.719
9.0229 2.414
10.6197 2.043
8.501 2.038
10.956 1.635
7.4428 1.381
10.9725 1.306
11.4065 1.257
9.594 1.233
10.4486 1.001
10.3437 0.993
8.5358 0.824
16.7516 0.79
9.5003 0.728
10.1835 0.715
7.0655 0.616
14.0321 0.585
18.7684 0.579
11.1431 0.559
15.7406 0.522
15.6011 0.51
12.3171 0.495
14.9995 0.495
10.6643 0.491
11.8551 0.416
9.3524 0.415
14.4889 0.389
10.6165 0.387
8.6977 0.374
9.5496 0.364
16.3717 0.362
9.8031 0.358
22.6847 0.346
8.1049 0.335
18.843 0.32
10.7012 0.312
13.4673 0.312
14.024 0.301
27.9516 0.289
17.3457 0.287
20.5812 0.28
4.8404 0.254
13.828 0.25
6.7778 0.246
5.1403 0.221
12.9688 0.221
3.8581 0.202
5.5585 0.194
19.1191 0.167
21.1552 0.156
