21.8952 1.619
20.9081 0.47
16.2259 0.355
19.0463 0.301
22.7437 0.298
22.9201 0.281
15.5543 0.277
27.0177 0.26
15.2148 0.212
23.9659 0.17
20.7971 0.158
22.9419 0.142
16.8306 0.139
19.6848 0.114
13.9678 0.108
33.1791 0.101
21.6808 0.099
26.0909 0.095
29.7513 0.094
24.5223 0.09
25.9657 0.088
19.9195 0.086
22.269 0.085
21.0197 0.077
23.5297 0.076
18.2731 0.074
17.2942 0.074
25.5095 0.074
31.2882 0.072
34.6574 0.072
25.0768 0.069
17.1873 0.069
20.4324 0.064
27.4465 0.06
18.6291 0.054
17.9551 0.053
22.5762 0.052
