10.9211 6.301
9.5769 3.008
14.3049 1.151
16.4816 1.064
22.0507 1.029
20.9334 0.742
19.1569 0.674
20.164 0.672
12.9657 0.644
17.2301 0.614
21.0377 0.585
18.0915 0.553
10.4248 0.535
16.4489 0.463
22.09 0.451
17.5251 0.44
10.4057 0.389
20.2314 0.362
9.5107 0.359
9.9692 0.357
24.891 0.352
14.8968 0.309
9.5847 0.305
26.9408 0.298
25.6783 0.282
11.5072 0.266
14.4795 0.264
27.4912 0.26
18.724 0.26
16.9295 0.25
13.6717 0.227
12.6296 0.226
23.2149 0.225
24.4248 0.209
26.3332 0.201
30.9581 0.199
21.5682 0.189
22.4569 0.183
15.2378 0.183
29.1041 0.183
21.3526 0.181
25.8965 0.18
23.9596 0.176
19.8916 0.176
23.4576 0.173
18.5606 0.169
22.7147 0.137
16.0193 0.136
11.7205 0.131
