15.239 1.242
17.5381 0.992
15.8698 0.929
10.9241 0.72
16.833 0.537
7.0912 0.466
15.6152 0.445
13.3876 0.369
7.6268 0.365
22.4542 0.312
10.0972 0.311
2.8254 0.305
13.5154 0.249
12.6063 0.233
9.8487 0.224
18.8053 0.202
16.7443 0.197
3.748 0.195
18.1353 0.194
15.6329 0.192
19.0064 0.185
11.8918 0.179
20.9094 0.178
16.1442 0.173
9.6982 0.172
9.047 0.172
14.1859 0.153
5.4524 0.148
5.7086 0.145
20.0632 0.144
6.575 0.14
18.8164 0.139
4.5714 0.132
15.07 0.131
16.4501 0.123
18.5295 0.121
23.8189 0.12
25.9383 0.114
4.3492 0.114
26.9414 0.108
6.068 0.107
12.1611 0.1
4.968 0.099
4.1105 0.092
7.7805 0.092
12.3265 0.092
8.7226 0.091
28.9474 0.09
13.2016 0.09
10.1357 0.085
27.9384 0.078
11.4904 0.076
11.1955 0.074
22.8577 0.073
22.0883 0.069
24.951 0.058
