35.4753 2.476
11.345 1.518
32.7237 0.431
19.6008 0.374
25.5382 0.356
35.4669 0.298
14.1105 0.293
36.3504 0.292
4.0912 0.216
4.1308 0.209
28.6324 0.206
42.9169 0.176
56.8879 0.169
26.9407 0.167
54.8833 0.162
40.911 0.154
23.1252 0.153
31.6134 0.142
35.453 0.119
30.2521 0.109
11.7482 0.108
23.7824 0.108
5.8027 0.108
35.5012 0.102
39.9098 0.101
43.9198 0.097
6.2116 0.089
3.8925 0.088
35.4401 0.087
36.6171 0.084
6.0176 0.083
16.9784 0.083
33.3016 0.082
6.4398 0.082
7.1855 0.08
35.4771 0.078
23.7076 0.078
13.9509 0.074
20.41 0.076
57.8914 0.069
18.69 0.068
9.017 0.065
48.4435 0.059
21.4971 0.058
50.4493 0.054
52.7237 0.049
49.426 0.048
41.4541 0.046
44.9219 0.045
56.0767 0.044
45.9271 0.044
47.2522 0.041
