14.7818 3.601
11.7445 1.078
14.211 1.053
15.9452 1.047
15.2411 0.726
19.2406 0.598
20.8735 0.496
19.4667 0.44
10.8206 0.439
7.3277 0.376
18.3422 0.367
19.828 0.359
5.8984 0.347
15.844 0.345
5.9736 0.322
19.3993 0.318
13.7025 0.278
14.7472 0.267
18.7056 0.258
16.8303 0.245
13.0194 0.218
14.0217 0.214
3.2178 0.203
9.2464 0.194
5.0073 0.187
27.1185 0.183
26.8509 0.182
26.2173 0.18
11.9172 0.168
11.1406 0.167
23.6431 0.164
16.4183 0.162
5.5049 0.138
10.083 0.138
28.7519 0.135
21.8157 0.117
25.5193 0.115
